252471085 292155853
212713093 386106249
578870963 954308965
283134147 336198161
11033491 94182779
15788329 42995335
180898274 263515681
9896537 39011881
51921777 565546921
86227663 137499645
127582933 704403431
162859145 220807653
132712134 225128443
40909009 77012498
12794654 216655861
20488539 105646201
45871509 71039045
56839315 58978437
195114667 227303930
21936643 48261909
117123398 130467739
47278241 757041239
81600443 85241887
437725031 521793782
109828995 178664321
33570921 42088970
18659395 220798777
258898526 439541719
259058585 374226819
34941894 229862569
426832019 934617687
861726413 963925129
181328855 308166589
6790493 366588787
72870601 85192205
58794861 65970314
2189141 12774847
234114091 568418251
6491138 427583969
164605433 288459651
4093121 4413829
196127817 214420661
35888969 651743921
232026618 479990219
394109542 529152115
13887254 93676267
233397794 443755439
202460414 424340749
312540509 589222407
1316733 29218793
82935310 87081279
19604341 49297435
50312211 59705477
387509578 413799053
86789 154634
231344894 263670653
33645351 47417561
23827503 26340815
5673783 15911611
23317957 35783989
63118129 113731514
45036039 100104479
41428523 84235011
111681806 128889687
32257005 34676533
4932041 11467577
93342659 169026762
133336661 210150671
653588229 937999126
64586686 112046821
32579453 96641915
38213 2033803
861681878 932334697
137782 10875763
25189374 38555341
106647622 210755647
2948558 17368039
295479619 370730190
587812187 624159734
340220613 365229235
14034509 313561147
21601135 29531571
411325391 492602122
51089629 65424187
515019083 754848559
11241641 19660490
237006013 250383903
7861882 10318529
27295 4706153
47528174 179530567
50663391 91979782
145495929 153708235
1368934 2190341
504045129 506619247
247765703 567766703
140880553 165750886
110015858 194207545
14110205 29090757
81980071 122503305
222424538 232838177
552840581 945343515
360946133 392957538
103558397 151590959
62833393 101374206
152153853 332212477
28447886 72072643
125677918 640923217
49701603 96206834
149405962 201383215
813038739 874886695
402214757 428469458
103955485 151389003
28853401 86648821
1096271 45526279
19204502 51884279
696042689 958073217
144603745 211387951
338278255 338525293
5303946 17438269
3989290 32891011
3027589 3414905
13997523 19629490
313145507 598950462
32005274 326157313
69782989 75563834
8844215 16553359
25805014 32925693
352450209 381073391
92659271 258833561
10212243 18597749
2555402 6068407
21287923 25517762
181779177 271858855
7061551 22606915
95258746 114821715
51872993 93119762
7140221 7489693
193941539 250914065
129313034 156284461
9166461 59460967
957199102 981291385
423260417 454704062
104839459 124686555
124524381 912300161
233198603 262914918
330314498 455749401
336892397 671407877
245246659 291164995
290340298 428332839
54032570 69867087
84436511 124632217
128923207 160878642
6513965 10816941
168430073 402258547
19186955 37786199
122865623 233429651
138844099 160687523
62813570 85048377
171689917 243181753
59742653 114761823
16111049 271192633
357694165 600631754
228649967 228979119
326069087 746828777
206947355 463089061
14529 230373097
2775178 405729943
226469269 761454539
41846097 92838113
16644974 28698553
4504085 5433343
148434349 627921761
95095523 100641970
312650411 317628155
3072841 246012929
665617699 703429401
31487405 81047941
10662589 13094103
103907551 306791645
16244117 31279630
330844826 355189579
61817529 78458054
751613239 938379895
33956257 35082554
616606559 616728498
25578139 62862645
1211235 1452842
61544699 81923682
28343759 33077365
126627810 845841083
165636915 196247137
97088831 181087635
102988873 162196682
1801439 2379637
426228735 915321311
1358778 460151959
13133438 83248453
148671269 160060243
143673958 183137003
51286451 85180494
132756562 150043197
323717154 847915259
451042753 452273929
353432942 373544951
784334 2983507
84406501 355504883
45517897 211408421
244948213 490289305
23899829 35868158
2074310 3413941
110174965 177367171
93101 81504383
4666742 872345543
83365710 85722347
214144069 329491402
203460242 214180717
6452146 7366435
205594907 215893238
2039541 10262893
5100242 46188319
67916143 135244821
250186942 399187847
71213551 820641959
298258537 690983619
270186509 453438402
3576409 4202205
478569027 566186666
144476521 273383391
39428617 49884953
145063129 379515873
16667755 17555521
118769813 220124427
91103306 104213733
16361 83216509
196851406 245784907
2075783 289305151
230864969 798010063
234250286 843513763
5516815 44265979
280011530 330524841
76054377 239269453
26000341 185695477
36670630 81199451
121773785 222906979
364801223 454606070
35168023 66528710
382395297 382648561
767378 71635303
642091495 962784926
538392635 591249563
163769602 172809741
208670181 326042885
158930015 202434883
18344902 83474563
239664679 528736647
17696761 703474853
80331317 95380755
27406381 63292483
12791409 388345499
659253634 761870857
88258693 339083297
55567263 184165271
205211721 243651779
493709793 546212131
23449631 114573827
102494581 106201110
407594002 447443983
580566995 979898951
125228159 316515055
567517722 927171407
360204437 565922402
139616378 794653159
660945 1431677
18241777 29233365
329023697 554410762
107608441 173861162
117148481 122402006
12241837 124046443
440450405 451106641
27082147 31046439
218653573 228877771
55276221 55535362
342144222 444149423
851938105 867784271
614391511 780742093
231231058 923523127
311451883 311586415
28545454 36042065
2317361 3027094
429583911 687788759
33178917 58101299
535677554 587590141
85555477 92993330
84543459 86544671
339987410 784028107
23828462 26510961
94936085 595948879
806149103 908907285
464621226 480781259
1188246 1590991
174161407 338397341
2676381 4703702
281649873 526261474
219869102 253763365
27366103 90645767
23728993 32154430
5933594 23959489
26211071 45638434
166321319 177080369
103889035 144737614
282035195 354314419
11274173 45913429
13035239 24530497
112476566 466739561
545947495 721035086
260162 203420507
624635 156639331
123391006 178402357
2475733 2996911
216982947 321349367
72254710 112488241
25362143 31166807
154082919 198202190
73032837 111639793
13787621 476987177
1934570 2323929
571183559 803985646
19849534 21159233
1851607 7914389
224939402 303430389
5959307 8121914
2950631 4034582
390713089 489091663
188201 227193
7008535 7215698
58218046 163095371
198094894 304188443
430636693 938875763
100926170 336196447
89827185 124515634
377929 387773161
214468879 255703569
50493046 722428247
25113 513727
11052061 11961457
58732813 62343087
23557901 296719721
393441402 504179131
118068554 128949319
9566813 81131297
316067287 790203119
438437 449081
343921493 791912321
181252810 215737661
129565599 155580277
380405773 482518651
143422634 490862027
400872233 678243538
2785253 5266061
124733931 136818454
52052015 151944833
212497446 223714795
70287289 72341438
384906867 389852713
56536989 68024846
23985431 31955422
176565405 219877199
51527602 711380983
7348153 10478945
977622 1399681
415462693 521622303
275540527 383873345
580555085 628838886
33569399 755335621
19633018 30289435
427501193 902624181
194718539 387030234
39602803 82022795
65691589 226187369
200748485 236989598
71977033 73096994
652190559 775508929
348029895 459833122
139960933 185077238
296821630 351085627
95675377 594158797
246498157 475860479
46003126 50886811
51672163 575611439
246350386 312513815
184922195 754769341
7767115 244133693
12944591 33077183
225085737 265793941
212099378 296292611
63535774 71643233
87936959 101601122
198577731 206807653
9061409 44843723
21424115 32430459
13586021 26242055
42536283 45291106
292305799 473667127
319234819 396072169
336982722 435178663
12587441 50562611
97912571 99052679
485381605 589838097
1415030 2874467
16680085 36577081
4610686 365401627
77232787 159749435
197659993 413036855
84276557 900258337
122979017 175226110
358684381 636045581
130418907 839148371
463728805 466436073
39619369 43730774
20736997 36787254
20434133 22344351
21508982 26609585
5551714 52340537
140550673 402661453
128635202 329075459
10392229 23646277
87251069 97018201
39429641 52159263
5114465 5420111
179161359 195825698
2241503 2281679
18408665 24378303
38050723 82499999
334133565 632454358
548280710 588590571
720004557 877623590
281202115 462201022
761280902 836344749
192069329 259638945
37665879 115548989
64241313 151163051
57492599 224934683
729242 4708967
1593947 29497547
256687 6041281
43508378 492637799
56580638 376461661
311513721 524871071
142412387 395388843
62495247 102266665
22152079 25336073
523247005 700321529
54113205 510908779
7920163 29315021
247194434 628612063
3953 79784671
134300578 188002285
754942 5171939
428580101 757877989
17437863 32811557
217317593 269484771
209321993 267719621
767479533 921146945
294926677 889443083
672478315 976456591
185220887 251219015
17497 46643
7451765 51014533
192057486 257983127
113563649 134535615
185575161 199890643
31695205 34491914
88953171 141405389
7065123 8213314
8650831 8873266
216116842 779679347
114470337 157271758
72790285 997494229
193671937 267151386
163052231 326017693
291547149 298336090
4006249 5771091
235998842 408807701
6053270 15938669
178618467 322175153
32330379 36813686
11575795 14258477
22250695 105436781
69587923 226006405
135331519 152032686
3276541 728243539
2104823 7233539
1521589 84651241
2554305 13774193
191280415 229232337
444313193 494709609
642763241 917752931
96625351 138133807
32958082 193845241
11359181 66298573
